  Body.cpp
e:\dressform\dressform\dressform\body.cpp(8): warning C4305: '=': truncation from 'double' to 'float'
e:\dressform\dressform\dressform\body.cpp(58): warning C4305: 'argument': truncation from 'double' to 'float'
e:\dressform\dressform\dressform\body.cpp(313): warning C4244: 'initializing': conversion from 'float' to 'int', possible loss of data
e:\dressform\dressform\dressform\body.cpp(343): warning C4018: '<': signed/unsigned mismatch
e:\dressform\dressform\dressform\body.cpp(359): warning C4244: '=': conversion from 'unsigned int' to 'float', possible loss of data
e:\dressform\dressform\dressform\body.cpp(362): warning C4244: 'argument': conversion from 'float' to 'const unsigned int', possible loss of data
e:\dressform\dressform\dressform\body.cpp(366): warning C4244: 'argument': conversion from 'float' to 'const unsigned int', possible loss of data
e:\dressform\dressform\dressform\body.cpp(380): warning C4018: '<': signed/unsigned mismatch
e:\dressform\dressform\dressform\body.cpp(381): warning C4018: '<': signed/unsigned mismatch
e:\dressform\dressform\dressform\body.cpp(409): warning C4018: '<': signed/unsigned mismatch
e:\dressform\dressform\dressform\body.cpp(424): warning C4018: '<': signed/unsigned mismatch
e:\dressform\dressform\dressform\body.cpp(456): warning C4018: '<': signed/unsigned mismatch
e:\dressform\dressform\dressform\body.cpp(494): warning C4018: '<': signed/unsigned mismatch
e:\dressform\dressform\dressform\body.cpp(562): warning C4018: '<': signed/unsigned mismatch
e:\dressform\dressform\dressform\body.cpp(588): warning C4244: 'initializing': conversion from 'double' to 'float', possible loss of data
e:\dressform\dressform\dressform\body.cpp(598): warning C4244: 'initializing': conversion from 'double' to 'float', possible loss of data
e:\dressform\dressform\dressform\body.cpp(625): warning C4244: '=': conversion from 'double' to 'float', possible loss of data
e:\dressform\dressform\dressform\body.cpp(633): warning C4244: 'initializing': conversion from 'double' to 'float', possible loss of data
e:\dressform\dressform\dressform\body.cpp(674): warning C4018: '<': signed/unsigned mismatch
e:\dressform\dressform\dressform\body.cpp(684): warning C4018: '<': signed/unsigned mismatch
e:\dressform\dressform\dressform\body.cpp(693): warning C4018: '<': signed/unsigned mismatch
e:\dressform\dressform\dressform\body.cpp(703): warning C4018: '<': signed/unsigned mismatch
e:\dressform\dressform\dressform\body.cpp(713): warning C4018: '<': signed/unsigned mismatch
e:\dressform\dressform\dressform\body.cpp(736): warning C4018: '<': signed/unsigned mismatch
Body.obj : warning LNK4258: directive '/entry:WinMainCRTStartup' not compatible with switch '/ENTRY:wWinMainCRTStartup'; ignored
Camera.obj : warning LNK4258: directive '/entry:WinMainCRTStartup' not compatible with switch '/ENTRY:wWinMainCRTStartup'; ignored
DressForm.obj : warning LNK4258: directive '/entry:WinMainCRTStartup' not compatible with switch '/ENTRY:wWinMainCRTStartup'; ignored
DressFormDlg.obj : warning LNK4258: directive '/entry:WinMainCRTStartup' not compatible with switch '/ENTRY:wWinMainCRTStartup'; ignored
GrahamScan.obj : warning LNK4258: directive '/entry:WinMainCRTStartup' not compatible with switch '/ENTRY:wWinMainCRTStartup'; ignored
json.obj : warning LNK4258: directive '/entry:WinMainCRTStartup' not compatible with switch '/ENTRY:wWinMainCRTStartup'; ignored
stdafx.obj : warning LNK4258: directive '/entry:WinMainCRTStartup' not compatible with switch '/ENTRY:wWinMainCRTStartup'; ignored
Vertex.obj : warning LNK4258: directive '/entry:WinMainCRTStartup' not compatible with switch '/ENTRY:wWinMainCRTStartup'; ignored
  DressForm.vcxproj -> E:\DressForm\DressForm\Debug\DressForm.exe
