  Body.cpp
e:\dressform\dressform\dressform\body.cpp(8): warning C4305: '=': truncation from 'double' to 'float'
e:\dressform\dressform\dressform\body.cpp(98): warning C4305: 'argument': truncation from 'double' to 'float'
e:\dressform\dressform\dressform\body.cpp(134): warning C4018: '<': signed/unsigned mismatch
e:\dressform\dressform\dressform\body.cpp(218): warning C4305: 'initializing': truncation from 'double' to 'float'
e:\dressform\dressform\dressform\body.cpp(219): warning C4305: 'initializing': truncation from 'double' to 'float'
e:\dressform\dressform\dressform\body.cpp(220): warning C4305: 'initializing': truncation from 'double' to 'float'
e:\dressform\dressform\dressform\body.cpp(249): warning C4305: 'initializing': truncation from 'double' to 'float'
e:\dressform\dressform\dressform\body.cpp(250): warning C4305: 'initializing': truncation from 'double' to 'float'
e:\dressform\dressform\dressform\body.cpp(251): warning C4305: 'initializing': truncation from 'double' to 'float'
e:\dressform\dressform\dressform\body.cpp(316): warning C4305: 'initializing': truncation from 'double' to 'float'
e:\dressform\dressform\dressform\body.cpp(451): warning C4018: '<': signed/unsigned mismatch
e:\dressform\dressform\dressform\body.cpp(461): warning C4244: 'initializing': conversion from 'float' to 'int', possible loss of data
e:\dressform\dressform\dressform\body.cpp(463): warning C4018: '<': signed/unsigned mismatch
e:\dressform\dressform\dressform\body.cpp(473): warning C4018: '<': signed/unsigned mismatch
e:\dressform\dressform\dressform\body.cpp(482): warning C4305: '=': truncation from 'double' to 'float'
e:\dressform\dressform\dressform\body.cpp(487): warning C4018: '<': signed/unsigned mismatch
e:\dressform\dressform\dressform\body.cpp(503): warning C4305: 'initializing': truncation from 'double' to 'float'
e:\dressform\dressform\dressform\body.cpp(652): warning C4244: 'initializing': conversion from 'double' to 'float', possible loss of data
e:\dressform\dressform\dressform\body.cpp(653): warning C4244: 'initializing': conversion from 'double' to 'float', possible loss of data
e:\dressform\dressform\dressform\body.cpp(654): warning C4244: 'initializing': conversion from 'double' to 'float', possible loss of data
e:\dressform\dressform\dressform\body.cpp(660): warning C4018: '<': signed/unsigned mismatch
e:\dressform\dressform\dressform\body.cpp(662): warning C4018: '<': signed/unsigned mismatch
e:\dressform\dressform\dressform\body.cpp(727): warning C4244: 'initializing': conversion from 'double' to 'float', possible loss of data
e:\dressform\dressform\dressform\body.cpp(735): warning C4018: '<': signed/unsigned mismatch
e:\dressform\dressform\dressform\body.cpp(756): warning C4018: '<': signed/unsigned mismatch
e:\dressform\dressform\dressform\body.cpp(766): warning C4018: '<': signed/unsigned mismatch
e:\dressform\dressform\dressform\body.cpp(787): warning C4018: '<': signed/unsigned mismatch
e:\dressform\dressform\dressform\body.cpp(797): warning C4018: '<': signed/unsigned mismatch
e:\dressform\dressform\dressform\body.cpp(817): warning C4018: '<': signed/unsigned mismatch
  DressFormDlg.cpp
e:\dressform\dressform\dressform\dressformdlg.cpp(12): warning C4005: 'MAX_PATH': macro redefinition
  c:\program files (x86)\windows kits\10\include\10.0.17134.0\shared\minwindef.h(60): note: see previous definition of 'MAX_PATH'
e:\dressform\dressform\dressform\dressformdlg.cpp(309): warning C4018: '<': signed/unsigned mismatch
e:\dressform\dressform\dressform\dressformdlg.cpp(333): warning C4018: '<': signed/unsigned mismatch
  Generating code
  2 of 1049 functions ( 0.2%) were compiled, the rest were copied from previous compilation.
    0 functions were new in current compilation
    18 functions had inline decision re-evaluated but remain unchanged
  Finished generating code
  DressForm.vcxproj -> E:\DressForm\DressForm\Release\DressForm.exe
